[2023-07-05 11:11:59]:somebody message from thread one!
[2023-07-05 11:11:59]:somebody message! just for fun
[2023-07-05 11:11:59][LOG]:thread two is working!
[2023-07-05 11:11:59][LOG]:LOG!
[2023-07-05 11:12:00][DEBUG]:DEBUG!
[2023-07-05 11:12:01][INFO]:INFO!
[2023-07-05 11:12:02][WARNING]:WARNING!
[2023-07-05 11:12:03][CRITICAL]:CRITICAL!
[2023-07-05 11:12:05][ERROR]:ERRORS!
[2023-07-05 11:12:07]:somebody message! just for fun
[2023-07-05 11:12:07][LOG]:LOG!
[2023-07-05 11:12:08][DEBUG]:DEBUG!
[2023-07-05 11:12:08]:somebody message from thread one!
[2023-07-05 11:12:09][INFO]:INFO!
[2023-07-05 11:12:10][WARNING]:WARNING!
[2023-07-05 11:12:11][CRITICAL]:CRITICAL!
[2023-07-05 11:12:13][ERROR]:ERRORS!
[2023-07-05 11:12:15]:somebody message! just for fun
[2023-07-05 11:12:15][LOG]:LOG!
[2023-07-05 11:12:16][DEBUG]:DEBUG!
[2023-07-05 11:12:17][INFO]:INFO!
[2023-07-05 11:12:17][LOG]:thread two is working!
[2023-07-05 11:12:17]:somebody message from thread one!
[2023-07-05 11:12:18][WARNING]:WARNING!
[2023-07-05 11:12:19][CRITICAL]:CRITICAL!
[2023-07-05 11:12:21][ERROR]:ERRORS!
[2023-07-05 11:12:23]:somebody message! just for fun
[2023-07-05 11:12:23][LOG]:LOG!
[2023-07-05 11:12:24][DEBUG]:DEBUG!
[2023-07-05 11:12:25][INFO]:INFO!
[2023-07-05 11:12:26][WARNING]:WARNING!
[2023-07-05 11:12:26]:somebody message from thread one!
[2023-07-05 11:12:27][CRITICAL]:CRITICAL!
[2023-07-05 11:12:29][ERROR]:ERRORS!
[2023-07-05 11:12:31]:somebody message! just for fun
[2023-07-05 11:12:31][LOG]:LOG!
[2023-07-05 11:12:32][DEBUG]:DEBUG!
[2023-07-05 11:12:32][INFO]:INFO!
[2023-07-05 11:12:34][WARNING]:WARNING!
[2023-07-05 11:12:35][CRITICAL]:CRITICAL!
[2023-07-05 11:12:35][LOG]:thread two is working!
[2023-07-05 11:12:35]:somebody message from thread one!
[2023-07-05 11:12:37][ERROR]:ERRORS!
[2023-07-05 11:12:39]:somebody message! just for fun
[2023-07-05 11:12:39][LOG]:LOG!
[2023-07-05 11:12:40][DEBUG]:DEBUG!
[2023-07-05 11:12:40][INFO]:INFO!
[2023-07-05 11:12:42][WARNING]:WARNING!
[2023-07-05 11:12:43][CRITICAL]:CRITICAL!
[2023-07-05 11:12:44]:somebody message from thread one!
[2023-07-05 11:12:45][ERROR]:ERRORS!
[2023-07-05 11:12:47]:somebody message! just for fun
[2023-07-05 11:12:47][LOG]:LOG!
[2023-07-05 11:12:48][DEBUG]:DEBUG!
[2023-07-05 11:12:48][INFO]:INFO!
[2023-07-05 11:12:50][WARNING]:WARNING!
[2023-07-05 11:12:51][CRITICAL]:CRITICAL!
[2023-07-05 11:12:53][ERROR]:ERRORS!
[2023-07-05 11:12:53][LOG]:thread two is working!
[2023-07-05 11:12:53]:somebody message from thread one!
[2023-07-05 11:12:55]:somebody message! just for fun
[2023-07-05 11:12:55][LOG]:LOG!
[2023-07-05 11:12:56][DEBUG]:DEBUG!
[2023-07-05 11:12:56][INFO]:INFO!
[2023-07-05 11:12:58][WARNING]:WARNING!
[2023-07-05 11:12:59][CRITICAL]:CRITICAL!
[2023-07-05 11:13:01][ERROR]:ERRORS!
[2023-07-05 11:13:02]:somebody message from thread one!
[2023-07-05 11:13:03]:somebody message! just for fun
[2023-07-05 11:13:03][LOG]:LOG!
[2023-07-05 11:13:04][DEBUG]:DEBUG!
[2023-07-05 11:13:04][INFO]:INFO!
[2023-07-05 11:13:06][WARNING]:WARNING!
[2023-07-05 11:13:07][CRITICAL]:CRITICAL!
[2023-07-05 11:13:09][ERROR]:ERRORS!
